2017-09-09 23:18:14,437 [INFO] from play.core.server.NettyServer in pool-4-thread-3 - Listening for HTTP on /0:0:0:0:0:0:0:0:9000
2017-09-09 23:18:38,974 [ERROR] from application in netty-event-loop-3 - 

! @759lm0h4g - Internal server error, for (GET) [/send] ->
 
play.sbt.PlayExceptions$CompilationException: Compilation error[value sendTestMail is not a member of controllers.HomeController]
	at play.sbt.PlayExceptions$CompilationException$.apply(PlayExceptions.scala:27)
	at play.sbt.PlayExceptions$CompilationException$.apply(PlayExceptions.scala:27)
	at scala.Option.map(Option.scala:145)
	at play.sbt.run.PlayReload$$anonfun$taskFailureHandler$1.apply(PlayReload.scala:49)
	at play.sbt.run.PlayReload$$anonfun$taskFailureHandler$1.apply(PlayReload.scala:44)
	at scala.Option.map(Option.scala:145)
	at play.sbt.run.PlayReload$.taskFailureHandler(PlayReload.scala:44)
	at play.sbt.run.PlayReload$.compileFailure(PlayReload.scala:40)
	at play.sbt.run.PlayReload$$anonfun$compile$1.apply(PlayReload.scala:17)
	at play.sbt.run.PlayReload$$anonfun$compile$1.apply(PlayReload.scala:17)
	at scala.util.Either$LeftProjection.map(Either.scala:377)
	at play.sbt.run.PlayReload$.compile(PlayReload.scala:17)
	at play.sbt.run.PlayRun$$anonfun$playRunTask$1$$anonfun$apply$2$$anonfun$apply$3$$anonfun$2.apply(PlayRun.scala:61)
	at play.sbt.run.PlayRun$$anonfun$playRunTask$1$$anonfun$apply$2$$anonfun$apply$3$$anonfun$2.apply(PlayRun.scala:61)
	at play.runsupport.Reloader$$anonfun$reload$1.apply(Reloader.scala:338)
	at play.runsupport.Reloader$$anon$3.run(Reloader.scala:43)
	at java.security.AccessController.doPrivileged(Native Method)
	at play.runsupport.Reloader$.play$runsupport$Reloader$$withReloaderContextClassLoader(Reloader.scala:39)
	at play.runsupport.Reloader.reload(Reloader.scala:336)
	at play.core.server.DevServerStart$$anonfun$mainDev$1$$anon$1$$anonfun$get$1.apply(DevServerStart.scala:118)
	at play.core.server.DevServerStart$$anonfun$mainDev$1$$anon$1$$anonfun$get$1.apply(DevServerStart.scala:116)
	at scala.concurrent.impl.Future$PromiseCompletingRunnable.liftedTree1$1(Future.scala:24)
	at scala.concurrent.impl.Future$PromiseCompletingRunnable.run(Future.scala:24)
	at java.util.concurrent.ForkJoinTask$RunnableExecuteAction.exec(ForkJoinTask.java:1402)
	at java.util.concurrent.ForkJoinTask.doExec(ForkJoinTask.java:289)
	at java.util.concurrent.ForkJoinPool$WorkQueue.runTask(ForkJoinPool.java:1056)
	at java.util.concurrent.ForkJoinPool.runWorker(ForkJoinPool.java:1692)
	at java.util.concurrent.ForkJoinWorkerThread.run(ForkJoinWorkerThread.java:157)
2017-09-09 23:19:20,797 [ERROR] from application in netty-event-loop-3 - 

! @759lm314p - Internal server error, for (GET) [/send] ->
 
play.sbt.PlayExceptions$CompilationException: Compilation error[cannot find symbol
  symbol:   class MailerService
  location: package email]
	at play.sbt.PlayExceptions$CompilationException$.apply(PlayExceptions.scala:27)
	at play.sbt.PlayExceptions$CompilationException$.apply(PlayExceptions.scala:27)
	at scala.Option.map(Option.scala:145)
	at play.sbt.run.PlayReload$$anonfun$taskFailureHandler$1.apply(PlayReload.scala:49)
	at play.sbt.run.PlayReload$$anonfun$taskFailureHandler$1.apply(PlayReload.scala:44)
	at scala.Option.map(Option.scala:145)
	at play.sbt.run.PlayReload$.taskFailureHandler(PlayReload.scala:44)
	at play.sbt.run.PlayReload$.compileFailure(PlayReload.scala:40)
	at play.sbt.run.PlayReload$$anonfun$compile$1.apply(PlayReload.scala:17)
	at play.sbt.run.PlayReload$$anonfun$compile$1.apply(PlayReload.scala:17)
	at scala.util.Either$LeftProjection.map(Either.scala:377)
	at play.sbt.run.PlayReload$.compile(PlayReload.scala:17)
	at play.sbt.run.PlayRun$$anonfun$playRunTask$1$$anonfun$apply$2$$anonfun$apply$3$$anonfun$2.apply(PlayRun.scala:61)
	at play.sbt.run.PlayRun$$anonfun$playRunTask$1$$anonfun$apply$2$$anonfun$apply$3$$anonfun$2.apply(PlayRun.scala:61)
	at play.runsupport.Reloader$$anonfun$reload$1.apply(Reloader.scala:338)
	at play.runsupport.Reloader$$anon$3.run(Reloader.scala:43)
	at java.security.AccessController.doPrivileged(Native Method)
	at play.runsupport.Reloader$.play$runsupport$Reloader$$withReloaderContextClassLoader(Reloader.scala:39)
	at play.runsupport.Reloader.reload(Reloader.scala:336)
	at play.core.server.DevServerStart$$anonfun$mainDev$1$$anon$1$$anonfun$get$1.apply(DevServerStart.scala:118)
	at play.core.server.DevServerStart$$anonfun$mainDev$1$$anon$1$$anonfun$get$1.apply(DevServerStart.scala:116)
	at scala.concurrent.impl.Future$PromiseCompletingRunnable.liftedTree1$1(Future.scala:24)
	at scala.concurrent.impl.Future$PromiseCompletingRunnable.run(Future.scala:24)
	at java.util.concurrent.ForkJoinTask$RunnableExecuteAction.exec(ForkJoinTask.java:1402)
	at java.util.concurrent.ForkJoinTask.doExec(ForkJoinTask.java:289)
	at java.util.concurrent.ForkJoinPool$WorkQueue.runTask(ForkJoinPool.java:1056)
	at java.util.concurrent.ForkJoinPool.runWorker(ForkJoinPool.java:1692)
	at java.util.concurrent.ForkJoinWorkerThread.run(ForkJoinWorkerThread.java:157)
2017-09-09 23:21:22,473 [WARN] from application in ForkJoinPool-1-worker-3 - application.conf @ file:/C:/Users/user/Desktop/untitled1/target/scala-2.11/classes/application.conf: 4: user is deprecated, use username instead
2017-09-09 23:21:22,858 [INFO] from application in ForkJoinPool-1-worker-3 - Creating Pool for datasource 'default'
2017-09-09 23:21:23,911 [INFO] from play.api.db.HikariCPConnectionPool in ForkJoinPool-1-worker-3 - datasource [default] bound to JNDI as DefaultDS
2017-09-09 23:21:23,946 [INFO] from play.api.db.DefaultDBApi in ForkJoinPool-1-worker-3 - Database [default] connected at jdbc:oracle:thin:@localhost:1521:XE
2017-09-09 23:21:27,254 [INFO] from play.api.Play in ForkJoinPool-1-worker-3 - Application started (Dev)
2017-09-09 23:21:49,656 [WARN] from play.core.server.netty.NettyModelConversion in application-akka.actor.default-dispatcher-6 - Content-Type set both in header (application/javascript; charset=utf-8) and attached to entity (application/javascript; charset=utf-8), ignoring content type from entity. To remove this warning, use Result.as(...) to set the content type, rather than setting the header manually.
2017-09-09 23:21:54,282 [WARN] from play.core.server.netty.NettyModelConversion in application-akka.actor.default-dispatcher-6 - Content-Type set both in header (text/css; charset=utf-8) and attached to entity (text/css; charset=utf-8), ignoring content type from entity. To remove this warning, use Result.as(...) to set the content type, rather than setting the header manually.
2017-09-09 23:21:54,552 [WARN] from play.core.server.netty.NettyModelConversion in application-akka.actor.default-dispatcher-5 - Content-Type set both in header (application/javascript; charset=utf-8) and attached to entity (application/javascript; charset=utf-8), ignoring content type from entity. To remove this warning, use Result.as(...) to set the content type, rather than setting the header manually.
2017-09-09 23:21:54,771 [WARN] from play.core.server.netty.NettyModelConversion in application-akka.actor.default-dispatcher-5 - Content-Type set both in header (image/png) and attached to entity (image/png), ignoring content type from entity. To remove this warning, use Result.as(...) to set the content type, rather than setting the header manually.
